[debug] [2025-07-19T15:07:15.560Z] ----------------------------------------------------------------------
[debug] [2025-07-19T15:07:15.578Z] Command:       /Users/ohdy/.nvm/versions/node/v22.14.0/bin/node /Users/ohdy/.nvm/versions/node/v22.14.0/bin/firebase init
[debug] [2025-07-19T15:07:15.580Z] CLI Version:   14.11.0
[debug] [2025-07-19T15:07:15.580Z] Platform:      darwin
[debug] [2025-07-19T15:07:15.580Z] Node Version:  v22.14.0
[debug] [2025-07-19T15:07:15.581Z] Time:          Sat Jul 19 2025 16:07:15 GMT+0100 (West Africa Standard Time)
[debug] [2025-07-19T15:07:15.581Z] ----------------------------------------------------------------------
[debug] 
[debug] [2025-07-19T15:07:15.592Z] > command requires scopes: ["email","openid","https://www.googleapis.com/auth/cloudplatformprojects.readonly","https://www.googleapis.com/auth/firebase","https://www.googleapis.com/auth/cloud-platform"]
[debug] [2025-07-19T15:07:15.593Z] > authorizing via signed-in user (michael.anikamadu@gmail.com)
[info] 
     ######## #### ########  ######## ########     ###     ######  ########
     ##        ##  ##     ## ##       ##     ##  ##   ##  ##       ##
     ######    ##  ########  ######   ########  #########  ######  ######
     ##        ##  ##    ##  ##       ##     ## ##     ##       ## ##
     ##       #### ##     ## ######## ########  ##     ##  ######  ########

You're about to initialize a Firebase project in this directory:

  /Users/ohdy/Desktop/codebase/FX-alert

[info] 
=== Project Setup
[info] 
[info] First, let's associate this project directory with a Firebase project.
[info] You can create multiple project aliases by running firebase use --add, 
[info] but for now we'll just set up a default project.
[info] 
[debug] [2025-07-19T15:07:21.427Z] Checked if tokens are valid: true, expires at: 1752940988375
[debug] [2025-07-19T15:07:21.427Z] Checked if tokens are valid: true, expires at: 1752940988375
[debug] [2025-07-19T15:07:21.432Z] >>> [apiv2][query] GET https://firebase.googleapis.com/v1beta1/projects pageSize=100
[debug] [2025-07-19T15:07:22.499Z] <<< [apiv2][status] GET https://firebase.googleapis.com/v1beta1/projects 200
[debug] [2025-07-19T15:07:22.499Z] <<< [apiv2][body] GET https://firebase.googleapis.com/v1beta1/projects [omitted]
[info] i  Using project fs-alert-d4f21 (fs-alert) 
[info] 
=== Dataconnect Setup
[debug] [2025-07-19T15:07:29.958Z] Checked if tokens are valid: true, expires at: 1752940988375
[debug] [2025-07-19T15:07:29.958Z] Checked if tokens are valid: true, expires at: 1752940988375
[debug] [2025-07-19T15:07:29.958Z] >>> [apiv2][query] GET https://cloudbilling.googleapis.com/v1/projects/fs-alert-d4f21/billingInfo [none]
[debug] [2025-07-19T15:07:31.091Z] <<< [apiv2][status] GET https://cloudbilling.googleapis.com/v1/projects/fs-alert-d4f21/billingInfo 200
[debug] [2025-07-19T15:07:31.091Z] <<< [apiv2][body] GET https://cloudbilling.googleapis.com/v1/projects/fs-alert-d4f21/billingInfo {"name":"projects/fs-alert-d4f21/billingInfo","projectId":"fs-alert-d4f21","billingAccountName":"","billingEnabled":false}
[info] i  dataconnect: ensuring required API sqladmin.googleapis.com is enabled... 
[debug] [2025-07-19T15:07:31.094Z] Checked if tokens are valid: true, expires at: 1752940988375
[debug] [2025-07-19T15:07:31.094Z] Checked if tokens are valid: true, expires at: 1752940988375
[debug] [2025-07-19T15:07:31.095Z] >>> [apiv2][query] GET https://firebasedataconnect.googleapis.com/v1/projects/fs-alert-d4f21/locations/-/services [none]
[debug] [2025-07-19T15:07:32.781Z] <<< [apiv2][status] GET https://firebasedataconnect.googleapis.com/v1/projects/fs-alert-d4f21/locations/-/services 200
[debug] [2025-07-19T15:07:32.781Z] <<< [apiv2][body] GET https://firebasedataconnect.googleapis.com/v1/projects/fs-alert-d4f21/locations/-/services {}
[info] ✔  Wrote dataconnect/dataconnect.yaml 
[info] ✔  Wrote dataconnect/schema/schema.gql 
[info] ✔  Wrote dataconnect/connector/connector.yaml 
[info] ✔  Wrote dataconnect/connector/queries.gql 
[info] ✔  Wrote dataconnect/connector/mutations.gql 
[info] ✔  Detected WEB app in directory /Users/ohdy/Desktop/codebase/FX-alert 
[info] i  Writing your new SDK configuration to /Users/ohdy/Desktop/codebase/FX-alert/dataconnect/connector/connector.yaml 
[info] i  Skipping write of dataconnect/connector/connector.yaml 
[info] i  dataconnect: downloading dataconnect-emulator-2.10.0... {"metadata":{"emulator":{"name":"dataconnect"},"message":"downloading dataconnect-emulator-2.10.0..."}}
[debug] [2025-07-19T15:08:09.729Z] >>> [apiv2][query] GET https://storage.googleapis.com/firemat-preview-drop/emulator/dataconnect-emulator-macos-v2.10.0 
[debug] [2025-07-19T15:08:10.442Z] <<< [apiv2][status] GET https://storage.googleapis.com/firemat-preview-drop/emulator/dataconnect-emulator-macos-v2.10.0 200
[debug] [2025-07-19T15:08:10.442Z] <<< [apiv2][body] GET https://storage.googleapis.com/firemat-preview-drop/emulator/dataconnect-emulator-macos-v2.10.0 [stream]
[debug] [2025-07-19T15:08:14.207Z] defaultcredentials: writing to file /Users/ohdy/.config/firebase/michael_anikamadu_gmail.com_application_default_credentials.json
[info] I0719 16:08:15.858587   16011 generate.go:40] Generated all sources. Writing them to disk...

[info] i  Generated SDK code for default 
[info] ✔  If you'd like to add more generated SDKs to your app your later, run firebase init dataconnect:sdk again 
[info] i  If you'd like to provision a CloudSQL Postgres instance on the Firebase Data Connect no-cost trial:
1. Please upgrade to the pay-as-you-go (Blaze) billing plan. Visit the following page:
     https://console.firebase.google.com/project/fs-alert-d4f21/usage/details
2. Run firebase init dataconnect again to configure the Cloud SQL instance.
3. Run firebase deploy --only dataconnect to deploy your Data Connect service. 
[info] 
=== Firestore Setup
[info] i  firestore: ensuring required API firestore.googleapis.com is enabled... 
[debug] [2025-07-19T15:08:15.863Z] Checked if tokens are valid: true, expires at: 1752940988375
[debug] [2025-07-19T15:08:15.863Z] Checked if tokens are valid: true, expires at: 1752940988375
[debug] [2025-07-19T15:08:15.863Z] >>> [apiv2][query] GET https://serviceusage.googleapis.com/v1/projects/fs-alert-d4f21/services/firestore.googleapis.com [none]
[debug] [2025-07-19T15:08:15.863Z] >>> [apiv2][(partial)header] GET https://serviceusage.googleapis.com/v1/projects/fs-alert-d4f21/services/firestore.googleapis.com x-goog-quota-user=projects/fs-alert-d4f21
[debug] [2025-07-19T15:08:17.287Z] <<< [apiv2][status] GET https://serviceusage.googleapis.com/v1/projects/fs-alert-d4f21/services/firestore.googleapis.com 200
[debug] [2025-07-19T15:08:17.287Z] <<< [apiv2][body] GET https://serviceusage.googleapis.com/v1/projects/fs-alert-d4f21/services/firestore.googleapis.com [omitted]
[info] ✔  firestore: required API firestore.googleapis.com is enabled 
[debug] [2025-07-19T15:08:17.323Z] Checked if tokens are valid: true, expires at: 1752940988375
[debug] [2025-07-19T15:08:17.323Z] Checked if tokens are valid: true, expires at: 1752940988375
[debug] [2025-07-19T15:08:17.323Z] >>> [apiv2][query] GET https://firestore.googleapis.com/v1/projects/fs-alert-d4f21/databases [none]
[debug] [2025-07-19T15:08:18.402Z] <<< [apiv2][status] GET https://firestore.googleapis.com/v1/projects/fs-alert-d4f21/databases 200
[debug] [2025-07-19T15:08:18.402Z] <<< [apiv2][body] GET https://firestore.googleapis.com/v1/projects/fs-alert-d4f21/databases {"databases":[{"name":"projects/fs-alert-d4f21/databases/(default)","uid":"205cbc17-e79e-43a0-81f4-cddb8ac9fd49","createTime":"2025-07-19T11:56:53.989187Z","updateTime":"2025-07-19T11:56:53.989187Z","locationId":"nam5","type":"FIRESTORE_NATIVE","concurrencyMode":"PESSIMISTIC","versionRetentionPeriod":"3600s","earliestVersionTime":"2025-07-19T14:08:18.743952Z","appEngineIntegrationMode":"DISABLED","keyPrefix":"s","pointInTimeRecoveryEnablement":"POINT_IN_TIME_RECOVERY_DISABLED","deleteProtectionState":"DELETE_PROTECTION_DISABLED","databaseEdition":"STANDARD","freeTier":true,"etag":"IMvc0eaZyY4DMMPGtYLvyI4D"}]}
[info] 
[info] Firestore Security Rules allow you to define how and when to allow
[info] requests. You can keep these rules in your project directory
[info] and publish them with firebase deploy.
[info] 
[debug] [2025-07-19T15:08:22.838Z] Checked if tokens are valid: true, expires at: 1752940988375
[debug] [2025-07-19T15:08:22.839Z] Checked if tokens are valid: true, expires at: 1752940988375
[debug] [2025-07-19T15:08:22.843Z] >>> [apiv2][query] GET https://firebaserules.googleapis.com/v1/projects/fs-alert-d4f21/releases pageSize=10&pageToken=
[debug] [2025-07-19T15:08:24.646Z] <<< [apiv2][status] GET https://firebaserules.googleapis.com/v1/projects/fs-alert-d4f21/releases 200
[debug] [2025-07-19T15:08:24.647Z] <<< [apiv2][body] GET https://firebaserules.googleapis.com/v1/projects/fs-alert-d4f21/releases {"releases":[{"name":"projects/fs-alert-d4f21/releases/cloud.firestore","rulesetName":"projects/fs-alert-d4f21/rulesets/05ef71e8-dd2b-4fa6-8b15-746e045fba73","createTime":"2025-07-19T11:57:00.004156Z","updateTime":"2025-07-19T11:57:00.004156Z"}]}
[debug] [2025-07-19T15:08:24.648Z] Checked if tokens are valid: true, expires at: 1752940988375
[debug] [2025-07-19T15:08:24.648Z] Checked if tokens are valid: true, expires at: 1752940988375
[debug] [2025-07-19T15:08:24.648Z] >>> [apiv2][query] GET https://firebaserules.googleapis.com/v1/projects/fs-alert-d4f21/rulesets/05ef71e8-dd2b-4fa6-8b15-746e045fba73 [none]
[debug] [2025-07-19T15:08:25.435Z] <<< [apiv2][status] GET https://firebaserules.googleapis.com/v1/projects/fs-alert-d4f21/rulesets/05ef71e8-dd2b-4fa6-8b15-746e045fba73 200
[debug] [2025-07-19T15:08:25.435Z] <<< [apiv2][body] GET https://firebaserules.googleapis.com/v1/projects/fs-alert-d4f21/rulesets/05ef71e8-dd2b-4fa6-8b15-746e045fba73 [omitted]
[info] i  Downloaded the existing Firestore Security Rules from the Firebase console 
[info] 
[info] Firestore indexes allow you to perform complex queries while
[info] maintaining performance that scales with the size of the result
[info] set. You can keep index definitions in your project directory
[info] and publish them with firebase deploy.
[info] 
[debug] [2025-07-19T15:08:26.951Z] Checked if tokens are valid: true, expires at: 1752940988375
[debug] [2025-07-19T15:08:26.952Z] Checked if tokens are valid: true, expires at: 1752940988375
[debug] [2025-07-19T15:08:26.952Z] Checked if tokens are valid: true, expires at: 1752940988375
[debug] [2025-07-19T15:08:26.952Z] Checked if tokens are valid: true, expires at: 1752940988375
[debug] [2025-07-19T15:08:26.953Z] >>> [apiv2][query] GET https://firestore.googleapis.com/v1/projects/fs-alert-d4f21/databases/(default)/collectionGroups/-/indexes [none]
[debug] [2025-07-19T15:08:26.959Z] >>> [apiv2][query] GET https://firestore.googleapis.com/v1/projects/fs-alert-d4f21/databases/(default)/collectionGroups/-/fields?filter=indexConfig.usesAncestorConfig=false OR ttlConfig:* [none]
[debug] [2025-07-19T15:08:28.226Z] <<< [apiv2][status] GET https://firestore.googleapis.com/v1/projects/fs-alert-d4f21/databases/(default)/collectionGroups/-/indexes 200
[debug] [2025-07-19T15:08:28.226Z] <<< [apiv2][body] GET https://firestore.googleapis.com/v1/projects/fs-alert-d4f21/databases/(default)/collectionGroups/-/indexes {}
[debug] [2025-07-19T15:08:28.250Z] <<< [apiv2][status] GET https://firestore.googleapis.com/v1/projects/fs-alert-d4f21/databases/(default)/collectionGroups/-/fields?filter=indexConfig.usesAncestorConfig=false OR ttlConfig:* 200
[debug] [2025-07-19T15:08:28.251Z] <<< [apiv2][body] GET https://firestore.googleapis.com/v1/projects/fs-alert-d4f21/databases/(default)/collectionGroups/-/fields?filter=indexConfig.usesAncestorConfig=false OR ttlConfig:* {"fields":[{"name":"projects/fs-alert-d4f21/databases/(default)/collectionGroups/__default__/fields/*","indexConfig":{"indexes":[{"queryScope":"COLLECTION","fields":[{"fieldPath":"*","order":"ASCENDING"}],"state":"READY"},{"queryScope":"COLLECTION","fields":[{"fieldPath":"*","order":"DESCENDING"}],"state":"READY"},{"queryScope":"COLLECTION","fields":[{"fieldPath":"*","arrayConfig":"CONTAINS"}],"state":"READY"}]}}]}
[info] i  Downloaded the existing Firestore indexes from the Firebase console 
[info] ✔  Wrote firestore.rules 
[info] ✔  Wrote firestore.indexes.json 
[info] 
=== Genkit Setup
[debug] [2025-07-19T15:09:02.408Z] > command requires scopes: ["email","openid","https://www.googleapis.com/auth/cloudplatformprojects.readonly","https://www.googleapis.com/auth/firebase","https://www.googleapis.com/auth/cloud-platform"]
[debug] [2025-07-19T15:09:02.408Z] > authorizing via signed-in user (michael.anikamadu@gmail.com)
[debug] [2025-07-19T15:09:02.408Z] [iam] checking project fs-alert-d4f21 for permissions ["firebase.projects.get"]
[debug] [2025-07-19T15:09:02.409Z] Checked if tokens are valid: true, expires at: 1752940988375
[debug] [2025-07-19T15:09:02.409Z] Checked if tokens are valid: true, expires at: 1752940988375
[debug] [2025-07-19T15:09:02.409Z] >>> [apiv2][query] POST https://cloudresourcemanager.googleapis.com/v1/projects/fs-alert-d4f21:testIamPermissions [none]
[debug] [2025-07-19T15:09:02.409Z] >>> [apiv2][(partial)header] POST https://cloudresourcemanager.googleapis.com/v1/projects/fs-alert-d4f21:testIamPermissions x-goog-quota-user=projects/fs-alert-d4f21
[debug] [2025-07-19T15:09:02.410Z] >>> [apiv2][body] POST https://cloudresourcemanager.googleapis.com/v1/projects/fs-alert-d4f21:testIamPermissions {"permissions":["firebase.projects.get"]}
[debug] [2025-07-19T15:09:03.683Z] <<< [apiv2][status] POST https://cloudresourcemanager.googleapis.com/v1/projects/fs-alert-d4f21:testIamPermissions 200
[debug] [2025-07-19T15:09:03.683Z] <<< [apiv2][body] POST https://cloudresourcemanager.googleapis.com/v1/projects/fs-alert-d4f21:testIamPermissions {"permissions":["firebase.projects.get"]}
[debug] [2025-07-19T15:09:03.684Z] Checked if tokens are valid: true, expires at: 1752940988375
[debug] [2025-07-19T15:09:03.685Z] Checked if tokens are valid: true, expires at: 1752940988375
[debug] [2025-07-19T15:09:03.685Z] Checked if tokens are valid: true, expires at: 1752940988375
[debug] [2025-07-19T15:09:03.685Z] Checked if tokens are valid: true, expires at: 1752940988375
[debug] [2025-07-19T15:09:03.685Z] >>> [apiv2][query] GET https://serviceusage.googleapis.com/v1/projects/fs-alert-d4f21/services/cloudfunctions.googleapis.com [none]
[debug] [2025-07-19T15:09:03.686Z] >>> [apiv2][(partial)header] GET https://serviceusage.googleapis.com/v1/projects/fs-alert-d4f21/services/cloudfunctions.googleapis.com x-goog-quota-user=projects/fs-alert-d4f21
[debug] [2025-07-19T15:09:03.690Z] >>> [apiv2][query] GET https://serviceusage.googleapis.com/v1/projects/fs-alert-d4f21/services/runtimeconfig.googleapis.com [none]
[debug] [2025-07-19T15:09:03.690Z] >>> [apiv2][(partial)header] GET https://serviceusage.googleapis.com/v1/projects/fs-alert-d4f21/services/runtimeconfig.googleapis.com x-goog-quota-user=projects/fs-alert-d4f21
[debug] [2025-07-19T15:09:05.195Z] <<< [apiv2][status] GET https://serviceusage.googleapis.com/v1/projects/fs-alert-d4f21/services/runtimeconfig.googleapis.com 200
[debug] [2025-07-19T15:09:05.196Z] <<< [apiv2][body] GET https://serviceusage.googleapis.com/v1/projects/fs-alert-d4f21/services/runtimeconfig.googleapis.com [omitted]
[debug] [2025-07-19T15:09:05.229Z] <<< [apiv2][status] GET https://serviceusage.googleapis.com/v1/projects/fs-alert-d4f21/services/cloudfunctions.googleapis.com 200
[debug] [2025-07-19T15:09:05.229Z] <<< [apiv2][body] GET https://serviceusage.googleapis.com/v1/projects/fs-alert-d4f21/services/cloudfunctions.googleapis.com [omitted]
[debug] [2025-07-19T15:09:05.230Z] Checked if tokens are valid: true, expires at: 1752940988375
[debug] [2025-07-19T15:09:05.230Z] Checked if tokens are valid: true, expires at: 1752940988375
[debug] [2025-07-19T15:09:05.231Z] >>> [apiv2][query] POST https://serviceusage.googleapis.com/v1/projects/fs-alert-d4f21/services/cloudfunctions.googleapis.com:enable [none]
[debug] [2025-07-19T15:09:05.231Z] >>> [apiv2][(partial)header] POST https://serviceusage.googleapis.com/v1/projects/fs-alert-d4f21/services/cloudfunctions.googleapis.com:enable x-goog-quota-user=projects/fs-alert-d4f21
[debug] [2025-07-19T15:09:06.376Z] <<< [apiv2][status] POST https://serviceusage.googleapis.com/v1/projects/fs-alert-d4f21/services/cloudfunctions.googleapis.com:enable 200
[debug] [2025-07-19T15:09:06.377Z] <<< [apiv2][body] POST https://serviceusage.googleapis.com/v1/projects/fs-alert-d4f21/services/cloudfunctions.googleapis.com:enable [omitted]
[info] Let's create a new codebase for your functions.
[info] A directory corresponding to the codebase will be created in your project
[info] with sample code pre-configured.

[info] See https://firebase.google.com/docs/functions/organize-functions for
[info] more information on organizing your functions using codebases.

[info] Functions can be deployed with firebase deploy.

[debug] [2025-07-19T15:30:12.417Z] ExitPromptError: User force closed the prompt with SIGINT
    at Interface.sigint (/Users/ohdy/.nvm/versions/node/v22.14.0/lib/node_modules/firebase-tools/node_modules/@inquirer/core/dist/commonjs/lib/create-prompt.js:101:37)
    at Interface.emit (node:events:518:28)
    at Interface.emit (node:domain:489:12)
    at [_ttyWrite] [as _ttyWrite] (node:internal/readline/interface:1124:18)
    at ReadStream.onkeypress (node:internal/readline/interface:263:20)
    at ReadStream.emit (node:events:530:35)
    at ReadStream.emit (node:domain:489:12)
    at emitKeys (node:internal/readline/utils:370:14)
    at emitKeys.next (<anonymous>)
    at ReadStream.onData (node:internal/readline/emitKeypressEvents:64:36)
[error] 
[error] Error: An unexpected error has occurred.
